Defaulting to user installation because normal site-packages is not writeable
Requirement already satisfied: bidict==0.23.1 in /home/ryan/.local/lib/python3.14/site-packages (from -r requirements.txt (line 1)) (0.23.1)
Requirement already satisfied: blinker==1.9.0 in /usr/lib/python3.14/site-packages (from -r requirements.txt (line 2)) (1.9.0)
Requirement already satisfied: cffi==1.17.1 in /home/ryan/.local/lib/python3.14/site-packages (from -r requirements.txt (line 3)) (1.17.1)
Requirement already satisfied: click==8.2.1 in /home/ryan/.local/lib/python3.14/site-packages (from -r requirements.txt (line 4)) (8.2.1)
Requirement already satisfied: cryptography==45.0.5 in /home/ryan/.local/lib/python3.14/site-packages (from -r requirements.txt (line 5)) (45.0.5)
Requirement already satisfied: Flask==3.1.1 in /home/ryan/.local/lib/python3.14/site-packages (from -r requirements.txt (line 6)) (3.1.1)
Requirement already satisfied: Flask-Login==0.6.3 in /home/ryan/.local/lib/python3.14/site-packages (from -r requirements.txt (line 7)) (0.6.3)
Requirement already satisfied: Flask-SocketIO==5.5.1 in /home/ryan/.local/lib/python3.14/site-packages (from -r requirements.txt (line 8)) (5.5.1)
Requirement already satisfied: Flask-SQLAlchemy==3.1.1 in /home/ryan/.local/lib/python3.14/site-packages (from -r requirements.txt (line 9)) (3.1.1)
Requirement already satisfied: greenlet==3.2.3 in /home/ryan/.local/lib/python3.14/site-packages (from -r requirements.txt (line 10)) (3.2.3)
Requirement already satisfied: h11==0.16.0 in /usr/lib/python3.14/site-packages (from -r requirements.txt (line 11)) (0.16.0)
Requirement already satisfied: itsdangerous==2.2.0 in /usr/lib/python3.14/site-packages (from -r requirements.txt (line 12)) (2.2.0)
Requirement already satisfied: Jinja2==3.1.6 in /usr/lib/python3.14/site-packages (from -r requirements.txt (line 13)) (3.1.6)
Requirement already satisfied: MarkupSafe==3.0.2 in /usr/lib64/python3.14/site-packages (from -r requirements.txt (line 14)) (3.0.2)
Requirement already satisfied: pillow==11.3.0 in /usr/lib64/python3.14/site-packages (from -r requirements.txt (line 15)) (11.3.0)
Requirement already satisfied: pycparser==2.22 in /usr/lib/python3.14/site-packages (from -r requirements.txt (line 16)) (2.22)
Requirement already satisfied: PyMySQL==1.1.1 in /home/ryan/.local/lib/python3.14/site-packages (from -r requirements.txt (line 17)) (1.1.1)
Requirement already satisfied: python-engineio==4.12.2 in /home/ryan/.local/lib/python3.14/site-packages (from -r requirements.txt (line 18)) (4.12.2)
Requirement already satisfied: python-socketio==5.13.0 in /home/ryan/.local/lib/python3.14/site-packages (from -r requirements.txt (line 19)) (5.13.0)
Requirement already satisfied: qrcode==8.2 in /home/ryan/.local/lib/python3.14/site-packages (from -r requirements.txt (line 20)) (8.2)
Requirement already satisfied: simple-websocket==1.1.0 in /home/ryan/.local/lib/python3.14/site-packages (from -r requirements.txt (line 21)) (1.1.0)
Requirement already satisfied: SQLAlchemy==2.0.41 in /home/ryan/.local/lib/python3.14/site-packages (from -r requirements.txt (line 22)) (2.0.41)
Requirement already satisfied: typing_extensions==4.14.1 in /home/ryan/.local/lib/python3.14/site-packages (from -r requirements.txt (line 23)) (4.14.1)
Requirement already satisfied: Werkzeug==3.1.3 in /usr/lib/python3.14/site-packages (from -r requirements.txt (line 24)) (3.1.3)
Requirement already satisfied: wsproto==1.2.0 in /home/ryan/.local/lib/python3.14/site-packages (from -r requirements.txt (line 25)) (1.2.0)
Requirement already satisfied: ply==3.11 in /usr/lib/python3.14/site-packages (from pycparser==2.22->-r requirements.txt (line 16)) (3.11)
